\BOOKMARK [0][-]{chapter.1}{Monitoring}{}
\BOOKMARK [1][-]{section.1.1}{Icinga Zeitprofile}{chapter.1}
\BOOKMARK [0][-]{chapter.2}{sonstige Hacks}{}
\BOOKMARK [1][-]{section.2.1}{Unter Ubuntu jffs2-images mounten}{chapter.2}
\BOOKMARK [1][-]{section.2.2}{Sed spielerei die Erste}{chapter.2}
\BOOKMARK [1][-]{section.2.3}{Tunnel bauen}{chapter.2}
\BOOKMARK [1][-]{section.2.4}{expect-scripts}{chapter.2}
\BOOKMARK [1][-]{section.2.5}{rsync-magic}{chapter.2}
\BOOKMARK [1][-]{section.2.6}{Workspace Switcher Ubuntu 12.04 }{chapter.2}
\BOOKMARK [1][-]{section.2.7}{Mounten unter Linux}{chapter.2}
\BOOKMARK [1][-]{section.2.8}{PDF Einschr\344nkungen entfernen}{chapter.2}
\BOOKMARK [1][-]{section.2.9}{Ubuntu XFCE extended Screen}{chapter.2}
\BOOKMARK [1][-]{section.2.10}{Config Routing add/del}{chapter.2}
\BOOKMARK [1][-]{section.2.11}{ldap befehle zum abfragen}{chapter.2}
\BOOKMARK [1][-]{section.2.12}{esxi install e1000e Treiber f\374r 82579LM}{chapter.2}
\BOOKMARK [1][-]{section.2.13}{vmdk aus VMPlayer f\374r ESXI konvertieren}{chapter.2}
\BOOKMARK [1][-]{section.2.14}{Swiss Macintosh Keyboard on Ubuntu 9.04 to 12.04 LTS \(Precise Pangolin\)}{chapter.2}
\BOOKMARK [1][-]{section.2.15}{Doku Wiki Authldap Plugin config}{chapter.2}
\BOOKMARK [0][-]{chapter.3}{Datenbanken}{}
\BOOKMARK [1][-]{section.3.1}{Postgres DB - HBA config}{chapter.3}
\BOOKMARK [1][-]{section.3.2}{Postgres Tunnel f\374r pgadmin}{chapter.3}
\BOOKMARK [1][-]{section.3.3}{Datenbank Passwort to md5}{chapter.3}
\BOOKMARK [1][-]{section.3.4}{ZKS Karten und Benutzer Import}{chapter.3}
